Documents/AndroidStudioProjects/chAPPreciate-master/app/manifest-merger-debug-report.txt
-- Merging decision tree log ---
manifest
ADDED from AndroidManifest.xml:2:1
	package
		ADDED from AndroidManifest.xml:3:11
		INJECTED from AndroidManifest.xml:0:0
		INJECTED from AndroidManifest.xml:0:0
	android:versionName
		INJECTED from AndroidManifest.xml:0:0
		INJECTED from AndroidManifest.xml:0:0
	xmlns:android
		ADDED from AndroidManifest.xml:2:11
	android:versionCode
		INJECTED from AndroidManifest.xml:0:0
		INJECTED from AndroidManifest.xml:0:0
uses-permission#android.permission.WRITE_EXTERNAL_STORAGE
ADDED from AndroidManifest.xml:5:2
	android:name
		ADDED from AndroidManifest.xml:5:19
uses-permission#android.permission.BLUETOOTH
ADDED from AndroidManifest.xml:6:2
	android:name
		ADDED from AndroidManifest.xml:6:19
uses-permission#android.permission.BLUETOOTH_ADMIN
ADDED from AndroidManifest.xml:7:2
	android:name
		ADDED from AndroidManifest.xml:7:19
application
ADDED from AndroidManifest.xml:9:2
MERGED from com.android.support:appcompat-v7:21.0.3:16:5
MERGED from com.android.support:support-v4:21.0.3:16:5
MERGED from com.android.support:cardview-v7:21.0.3:16:5
MERGED from com.nispok:snackbar:2.7.5:10:5
	android:label
		ADDED from AndroidManifest.xml:12:3
	android:allowBackup
		ADDED from AndroidManifest.xml:10:3
	android:icon
		ADDED from AndroidManifest.xml:11:3
	android:theme
		ADDED from AndroidManifest.xml:13:3
activity#com.maxkrass.appreciate.MainActivity
ADDED from AndroidManifest.xml:14:3
	android:label
		ADDED from AndroidManifest.xml:16:4
	android:exported
		ADDED from AndroidManifest.xml:18:4
	android:configChanges
		ADDED from AndroidManifest.xml:17:4
	android:name
		ADDED from AndroidManifest.xml:15:4
intent-filter#android.intent.action.MAIN+android.intent.category.LAUNCHER
ADDED from AndroidManifest.xml:19:4
action#android.intent.action.MAIN
ADDED from AndroidManifest.xml:20:5
	android:name
		ADDED from AndroidManifest.xml:20:13
category#android.intent.category.LAUNCHER
ADDED from AndroidManifest.xml:21:5
	android:name
		ADDED from AndroidManifest.xml:21:15
activity#com.maxkrass.appreciate.SettingsActivity
ADDED from AndroidManifest.xml:24:3
	android:label
		ADDED from AndroidManifest.xml:26:4
	android:exported
		ADDED from AndroidManifest.xml:27:4
	android:name
		ADDED from AndroidManifest.xml:25:4
uses-sdk
INJECTED from AndroidManifest.xml:0:0 reason: use-sdk injection requested
MERGED from com.android.support:appcompat-v7:21.0.3:15:5
MERGED from com.android.support:support-v4:21.0.3:15:5
MERGED from com.android.support:cardview-v7:21.0.3:15:5
MERGED from com.nispok:snackbar:2.7.5:6:5
	android:targetSdkVersion
		INJECTED from AndroidManifest.xml:0:0
		INJECTED from AndroidManifest.xml:0:0
	android:minSdkVersion
		INJECTED from AndroidManifest.xml:0:0
		INJECTED from AndroidManifest.xml:0:0